<?xml version="1.0" encoding="UTF-8"?>
<testsuite xmlns:xsi="http://www.w3.org/2001/XMLSchema-instance" xsi:noNamespaceSchemaLocation="https://maven.apache.org/surefire/maven-surefire-plugin/xsd/surefire-test-report-3.0.xsd" version="3.0" name="TPApplicationTests" time="1.33" tests="2" errors="0" skipped="0" failures="0">
  <properties>
    <property name="java.specification.version" value="18"/>
    <property name="sun.jnu.encoding" value="UTF-8"/>
    <property name="java.class.path" value="/home/furel/Documents/Dev/UY1/INF4178/actif-api/target/test-classes:/home/furel/Documents/Dev/UY1/INF4178/actif-api/target/classes:/home/furel/.m2/repository/org/springframework/boot/spring-boot-starter-data-neo4j/3.2.0/spring-boot-starter-data-neo4j-3.2.0.jar:/home/furel/.m2/repository/org/springframework/boot/spring-boot-starter/3.2.0/spring-boot-starter-3.2.0.jar:/home/furel/.m2/repository/org/springframework/boot/spring-boot/3.2.0/spring-boot-3.2.0.jar:/home/furel/.m2/repository/org/springframework/boot/spring-boot-autoconfigure/3.2.0/spring-boot-autoconfigure-3.2.0.jar:/home/furel/.m2/repository/org/springframework/boot/spring-boot-starter-logging/3.2.0/spring-boot-starter-logging-3.2.0.jar:/home/furel/.m2/repository/ch/qos/logback/logback-classic/1.4.11/logback-classic-1.4.11.jar:/home/furel/.m2/repository/ch/qos/logback/logback-core/1.4.11/logback-core-1.4.11.jar:/home/furel/.m2/repository/org/apache/logging/log4j/log4j-to-slf4j/2.21.1/log4j-to-slf4j-2.21.1.jar:/home/furel/.m2/repository/org/apache/logging/log4j/log4j-api/2.21.1/log4j-api-2.21.1.jar:/home/furel/.m2/repository/org/slf4j/jul-to-slf4j/2.0.9/jul-to-slf4j-2.0.9.jar:/home/furel/.m2/repository/jakarta/annotation/jakarta.annotation-api/2.1.1/jakarta.annotation-api-2.1.1.jar:/home/furel/.m2/repository/org/yaml/snakeyaml/2.2/snakeyaml-2.2.jar:/home/furel/.m2/repository/org/springframework/data/spring-data-neo4j/7.2.0/spring-data-neo4j-7.2.0.jar:/home/furel/.m2/repository/jakarta/transaction/jakarta.transaction-api/2.0.1/jakarta.transaction-api-2.0.1.jar:/home/furel/.m2/repository/org/apiguardian/apiguardian-api/1.1.1/apiguardian-api-1.1.1.jar:/home/furel/.m2/repository/org/neo4j/neo4j-cypher-dsl/2023.2.0/neo4j-cypher-dsl-2023.2.0.jar:/home/furel/.m2/repository/org/neo4j/driver/neo4j-java-driver/5.13.0/neo4j-java-driver-5.13.0.jar:/home/furel/.m2/repository/org/reactivestreams/reactive-streams/1.0.4/reactive-streams-1.0.4.jar:/home/furel/.m2/repository/io/netty/netty-handler/4.1.101.Final/netty-handler-4.1.101.Final.jar:/home/furel/.m2/repository/io/netty/netty-common/4.1.101.Final/netty-common-4.1.101.Final.jar:/home/furel/.m2/repository/io/netty/netty-resolver/4.1.101.Final/netty-resolver-4.1.101.Final.jar:/home/furel/.m2/repository/io/netty/netty-buffer/4.1.101.Final/netty-buffer-4.1.101.Final.jar:/home/furel/.m2/repository/io/netty/netty-transport/4.1.101.Final/netty-transport-4.1.101.Final.jar:/home/furel/.m2/repository/io/netty/netty-transport-native-unix-common/4.1.101.Final/netty-transport-native-unix-common-4.1.101.Final.jar:/home/furel/.m2/repository/io/netty/netty-codec/4.1.101.Final/netty-codec-4.1.101.Final.jar:/home/furel/.m2/repository/io/netty/netty-tcnative-classes/2.0.61.Final/netty-tcnative-classes-2.0.61.Final.jar:/home/furel/.m2/repository/io/projectreactor/reactor-core/3.6.0/reactor-core-3.6.0.jar:/home/furel/.m2/repository/org/springframework/spring-beans/6.1.1/spring-beans-6.1.1.jar:/home/furel/.m2/repository/org/springframework/spring-context/6.1.1/spring-context-6.1.1.jar:/home/furel/.m2/repository/io/micrometer/micrometer-observation/1.12.0/micrometer-observation-1.12.0.jar:/home/furel/.m2/repository/io/micrometer/micrometer-commons/1.12.0/micrometer-commons-1.12.0.jar:/home/furel/.m2/repository/org/springframework/spring-tx/6.1.1/spring-tx-6.1.1.jar:/home/furel/.m2/repository/org/springframework/data/spring-data-commons/3.2.0/spring-data-commons-3.2.0.jar:/home/furel/.m2/repository/org/slf4j/slf4j-api/2.0.9/slf4j-api-2.0.9.jar:/home/furel/.m2/repository/org/springframework/boot/spring-boot-starter-test/3.2.0/spring-boot-starter-test-3.2.0.jar:/home/furel/.m2/repository/org/springframework/boot/spring-boot-test/3.2.0/spring-boot-test-3.2.0.jar:/home/furel/.m2/repository/org/springframework/boot/spring-boot-test-autoconfigure/3.2.0/spring-boot-test-autoconfigure-3.2.0.jar:/home/furel/.m2/repository/com/jayway/jsonpath/json-path/2.8.0/json-path-2.8.0.jar:/home/furel/.m2/repository/jakarta/xml/bind/jakarta.xml.bind-api/4.0.1/jakarta.xml.bind-api-4.0.1.jar:/home/furel/.m2/repository/jakarta/activation/jakarta.activation-api/2.1.2/jakarta.activation-api-2.1.2.jar:/home/furel/.m2/repository/net/minidev/json-smart/2.5.0/json-smart-2.5.0.jar:/home/furel/.m2/repository/net/minidev/accessors-smart/2.5.0/accessors-smart-2.5.0.jar:/home/furel/.m2/repository/org/ow2/asm/asm/9.3/asm-9.3.jar:/home/furel/.m2/repository/org/assertj/assertj-core/3.24.2/assertj-core-3.24.2.jar:/home/furel/.m2/repository/net/bytebuddy/byte-buddy/1.14.10/byte-buddy-1.14.10.jar:/home/furel/.m2/repository/org/awaitility/awaitility/4.2.0/awaitility-4.2.0.jar:/home/furel/.m2/repository/org/hamcrest/hamcrest/2.2/hamcrest-2.2.jar:/home/furel/.m2/repository/org/junit/jupiter/junit-jupiter/5.10.1/junit-jupiter-5.10.1.jar:/home/furel/.m2/repository/org/junit/jupiter/junit-jupiter-api/5.10.1/junit-jupiter-api-5.10.1.jar:/home/furel/.m2/repository/org/opentest4j/opentest4j/1.3.0/opentest4j-1.3.0.jar:/home/furel/.m2/repository/org/junit/platform/junit-platform-commons/1.10.1/junit-platform-commons-1.10.1.jar:/home/furel/.m2/repository/org/junit/jupiter/junit-jupiter-params/5.10.1/junit-jupiter-params-5.10.1.jar:/home/furel/.m2/repository/org/junit/jupiter/junit-jupiter-engine/5.10.1/junit-jupiter-engine-5.10.1.jar:/home/furel/.m2/repository/org/junit/platform/junit-platform-engine/1.10.1/junit-platform-engine-1.10.1.jar:/home/furel/.m2/repository/org/mockito/mockito-core/5.7.0/mockito-core-5.7.0.jar:/home/furel/.m2/repository/net/bytebuddy/byte-buddy-agent/1.14.10/byte-buddy-agent-1.14.10.jar:/home/furel/.m2/repository/org/objenesis/objenesis/3.3/objenesis-3.3.jar:/home/furel/.m2/repository/org/mockito/mockito-junit-jupiter/5.7.0/mockito-junit-jupiter-5.7.0.jar:/home/furel/.m2/repository/org/skyscreamer/jsonassert/1.5.1/jsonassert-1.5.1.jar:/home/furel/.m2/repository/com/vaadin/external/google/android-json/0.0.20131108.vaadin1/android-json-0.0.20131108.vaadin1.jar:/home/furel/.m2/repository/org/springframework/spring-core/6.1.1/spring-core-6.1.1.jar:/home/furel/.m2/repository/org/springframework/spring-jcl/6.1.1/spring-jcl-6.1.1.jar:/home/furel/.m2/repository/org/springframework/spring-test/6.1.1/spring-test-6.1.1.jar:/home/furel/.m2/repository/org/xmlunit/xmlunit-core/2.9.1/xmlunit-core-2.9.1.jar:/home/furel/.m2/repository/org/springframework/boot/spring-boot-starter-data-rest/3.2.0/spring-boot-starter-data-rest-3.2.0.jar:/home/furel/.m2/repository/org/springframework/boot/spring-boot-starter-web/3.2.0/spring-boot-starter-web-3.2.0.jar:/home/furel/.m2/repository/org/springframework/boot/spring-boot-starter-json/3.2.0/spring-boot-starter-json-3.2.0.jar:/home/furel/.m2/repository/com/fasterxml/jackson/datatype/jackson-datatype-jdk8/2.15.3/jackson-datatype-jdk8-2.15.3.jar:/home/furel/.m2/repository/com/fasterxml/jackson/datatype/jackson-datatype-jsr310/2.15.3/jackson-datatype-jsr310-2.15.3.jar:/home/furel/.m2/repository/com/fasterxml/jackson/module/jackson-module-parameter-names/2.15.3/jackson-module-parameter-names-2.15.3.jar:/home/furel/.m2/repository/org/springframework/boot/spring-boot-starter-tomcat/3.2.0/spring-boot-starter-tomcat-3.2.0.jar:/home/furel/.m2/repository/org/apache/tomcat/embed/tomcat-embed-core/10.1.16/tomcat-embed-core-10.1.16.jar:/home/furel/.m2/repository/org/apache/tomcat/embed/tomcat-embed-el/10.1.16/tomcat-embed-el-10.1.16.jar:/home/furel/.m2/repository/org/apache/tomcat/embed/tomcat-embed-websocket/10.1.16/tomcat-embed-websocket-10.1.16.jar:/home/furel/.m2/repository/org/springframework/spring-web/6.1.1/spring-web-6.1.1.jar:/home/furel/.m2/repository/org/springframework/spring-webmvc/6.1.1/spring-webmvc-6.1.1.jar:/home/furel/.m2/repository/org/springframework/data/spring-data-rest-webmvc/4.2.0/spring-data-rest-webmvc-4.2.0.jar:/home/furel/.m2/repository/org/springframework/data/spring-data-rest-core/4.2.0/spring-data-rest-core-4.2.0.jar:/home/furel/.m2/repository/org/springframework/hateoas/spring-hateoas/2.2.0/spring-hateoas-2.2.0.jar:/home/furel/.m2/repository/org/springframework/plugin/spring-plugin-core/3.0.0/spring-plugin-core-3.0.0.jar:/home/furel/.m2/repository/org/atteo/evo-inflector/1.3/evo-inflector-1.3.jar:/home/furel/.m2/repository/com/fasterxml/jackson/core/jackson-annotations/2.15.3/jackson-annotations-2.15.3.jar:/home/furel/.m2/repository/org/projectlombok/lombok/1.18.30/lombok-1.18.30.jar:/home/furel/.m2/repository/org/springdoc/springdoc-openapi-starter-webmvc-ui/2.1.0/springdoc-openapi-starter-webmvc-ui-2.1.0.jar:/home/furel/.m2/repository/org/springdoc/springdoc-openapi-starter-webmvc-api/2.1.0/springdoc-openapi-starter-webmvc-api-2.1.0.jar:/home/furel/.m2/repository/org/springdoc/springdoc-openapi-starter-common/2.1.0/springdoc-openapi-starter-common-2.1.0.jar:/home/furel/.m2/repository/io/swagger/core/v3/swagger-core-jakarta/2.2.9/swagger-core-jakarta-2.2.9.jar:/home/furel/.m2/repository/org/apache/commons/commons-lang3/3.13.0/commons-lang3-3.13.0.jar:/home/furel/.m2/repository/io/swagger/core/v3/swagger-annotations-jakarta/2.2.9/swagger-annotations-jakarta-2.2.9.jar:/home/furel/.m2/repository/io/swagger/core/v3/swagger-models-jakarta/2.2.9/swagger-models-jakarta-2.2.9.jar:/home/furel/.m2/repository/jakarta/validation/jakarta.validation-api/3.0.2/jakarta.validation-api-3.0.2.jar:/home/furel/.m2/repository/com/fasterxml/jackson/dataformat/jackson-dataformat-yaml/2.15.3/jackson-dataformat-yaml-2.15.3.jar:/home/furel/.m2/repository/org/webjars/swagger-ui/4.18.2/swagger-ui-4.18.2.jar:/home/furel/.m2/repository/com/google/zxing/core/3.4.0/core-3.4.0.jar:/home/furel/.m2/repository/com/google/zxing/javase/3.4.0/javase-3.4.0.jar:/home/furel/.m2/repository/com/beust/jcommander/1.72/jcommander-1.72.jar:/home/furel/.m2/repository/com/github/jai-imageio/jai-imageio-core/1.4.0/jai-imageio-core-1.4.0.jar:/home/furel/.m2/repository/org/springframework/boot/spring-boot-starter-security/3.2.0/spring-boot-starter-security-3.2.0.jar:/home/furel/.m2/repository/org/springframework/spring-aop/6.1.1/spring-aop-6.1.1.jar:/home/furel/.m2/repository/org/springframework/security/spring-security-config/6.2.0/spring-security-config-6.2.0.jar:/home/furel/.m2/repository/org/springframework/security/spring-security-core/6.2.0/spring-security-core-6.2.0.jar:/home/furel/.m2/repository/org/springframework/security/spring-security-crypto/6.2.0/spring-security-crypto-6.2.0.jar:/home/furel/.m2/repository/org/springframework/security/spring-security-web/6.2.0/spring-security-web-6.2.0.jar:/home/furel/.m2/repository/org/springframework/spring-expression/6.1.1/spring-expression-6.1.1.jar:/home/furel/.m2/repository/io/jsonwebtoken/jjwt-api/0.11.5/jjwt-api-0.11.5.jar:/home/furel/.m2/repository/io/jsonwebtoken/jjwt-impl/0.11.5/jjwt-impl-0.11.5.jar:/home/furel/.m2/repository/io/jsonwebtoken/jjwt-jackson/0.11.5/jjwt-jackson-0.11.5.jar:/home/furel/.m2/repository/com/fasterxml/jackson/core/jackson-databind/2.15.3/jackson-databind-2.15.3.jar:/home/furel/.m2/repository/com/fasterxml/jackson/core/jackson-core/2.15.3/jackson-core-2.15.3.jar:/home/furel/.m2/repository/com/google/guava/guava/23.4-jre/guava-23.4-jre.jar:/home/furel/.m2/repository/com/google/code/findbugs/jsr305/1.3.9/jsr305-1.3.9.jar:/home/furel/.m2/repository/com/google/errorprone/error_prone_annotations/2.0.18/error_prone_annotations-2.0.18.jar:/home/furel/.m2/repository/com/google/j2objc/j2objc-annotations/1.1/j2objc-annotations-1.1.jar:/home/furel/.m2/repository/org/codehaus/mojo/animal-sniffer-annotations/1.14/animal-sniffer-annotations-1.14.jar:"/>
    <property name="java.vm.vendor" value="Private Build"/>
    <property name="sun.arch.data.model" value="64"/>
    <property name="java.vendor.url" value="Unknown"/>
    <property name="user.timezone" value="Africa/Douala"/>
    <property name="os.name" value="Linux"/>
    <property name="java.vm.specification.version" value="18"/>
    <property name="sun.java.launcher" value="SUN_STANDARD"/>
    <property name="user.country" value="US"/>
    <property name="sun.boot.library.path" value="/usr/lib/jvm/java-18-openjdk-amd64/lib"/>
    <property name="sun.java.command" value="/home/furel/Documents/Dev/UY1/INF4178/actif-api/target/surefire/surefirebooter-20240625213321762_3.jar /home/furel/Documents/Dev/UY1/INF4178/actif-api/target/surefire 2024-06-25T21-33-21_681-jvmRun1 surefire-20240625213321762_1tmp surefire_0-20240625213321762_2tmp"/>
    <property name="jdk.debug" value="release"/>
    <property name="surefire.test.class.path" value="/home/furel/Documents/Dev/UY1/INF4178/actif-api/target/test-classes:/home/furel/Documents/Dev/UY1/INF4178/actif-api/target/classes:/home/furel/.m2/repository/org/springframework/boot/spring-boot-starter-data-neo4j/3.2.0/spring-boot-starter-data-neo4j-3.2.0.jar:/home/furel/.m2/repository/org/springframework/boot/spring-boot-starter/3.2.0/spring-boot-starter-3.2.0.jar:/home/furel/.m2/repository/org/springframework/boot/spring-boot/3.2.0/spring-boot-3.2.0.jar:/home/furel/.m2/repository/org/springframework/boot/spring-boot-autoconfigure/3.2.0/spring-boot-autoconfigure-3.2.0.jar:/home/furel/.m2/repository/org/springframework/boot/spring-boot-starter-logging/3.2.0/spring-boot-starter-logging-3.2.0.jar:/home/furel/.m2/repository/ch/qos/logback/logback-classic/1.4.11/logback-classic-1.4.11.jar:/home/furel/.m2/repository/ch/qos/logback/logback-core/1.4.11/logback-core-1.4.11.jar:/home/furel/.m2/repository/org/apache/logging/log4j/log4j-to-slf4j/2.21.1/log4j-to-slf4j-2.21.1.jar:/home/furel/.m2/repository/org/apache/logging/log4j/log4j-api/2.21.1/log4j-api-2.21.1.jar:/home/furel/.m2/repository/org/slf4j/jul-to-slf4j/2.0.9/jul-to-slf4j-2.0.9.jar:/home/furel/.m2/repository/jakarta/annotation/jakarta.annotation-api/2.1.1/jakarta.annotation-api-2.1.1.jar:/home/furel/.m2/repository/org/yaml/snakeyaml/2.2/snakeyaml-2.2.jar:/home/furel/.m2/repository/org/springframework/data/spring-data-neo4j/7.2.0/spring-data-neo4j-7.2.0.jar:/home/furel/.m2/repository/jakarta/transaction/jakarta.transaction-api/2.0.1/jakarta.transaction-api-2.0.1.jar:/home/furel/.m2/repository/org/apiguardian/apiguardian-api/1.1.1/apiguardian-api-1.1.1.jar:/home/furel/.m2/repository/org/neo4j/neo4j-cypher-dsl/2023.2.0/neo4j-cypher-dsl-2023.2.0.jar:/home/furel/.m2/repository/org/neo4j/driver/neo4j-java-driver/5.13.0/neo4j-java-driver-5.13.0.jar:/home/furel/.m2/repository/org/reactivestreams/reactive-streams/1.0.4/reactive-streams-1.0.4.jar:/home/furel/.m2/repository/io/netty/netty-handler/4.1.101.Final/netty-handler-4.1.101.Final.jar:/home/furel/.m2/repository/io/netty/netty-common/4.1.101.Final/netty-common-4.1.101.Final.jar:/home/furel/.m2/repository/io/netty/netty-resolver/4.1.101.Final/netty-resolver-4.1.101.Final.jar:/home/furel/.m2/repository/io/netty/netty-buffer/4.1.101.Final/netty-buffer-4.1.101.Final.jar:/home/furel/.m2/repository/io/netty/netty-transport/4.1.101.Final/netty-transport-4.1.101.Final.jar:/home/furel/.m2/repository/io/netty/netty-transport-native-unix-common/4.1.101.Final/netty-transport-native-unix-common-4.1.101.Final.jar:/home/furel/.m2/repository/io/netty/netty-codec/4.1.101.Final/netty-codec-4.1.101.Final.jar:/home/furel/.m2/repository/io/netty/netty-tcnative-classes/2.0.61.Final/netty-tcnative-classes-2.0.61.Final.jar:/home/furel/.m2/repository/io/projectreactor/reactor-core/3.6.0/reactor-core-3.6.0.jar:/home/furel/.m2/repository/org/springframework/spring-beans/6.1.1/spring-beans-6.1.1.jar:/home/furel/.m2/repository/org/springframework/spring-context/6.1.1/spring-context-6.1.1.jar:/home/furel/.m2/repository/io/micrometer/micrometer-observation/1.12.0/micrometer-observation-1.12.0.jar:/home/furel/.m2/repository/io/micrometer/micrometer-commons/1.12.0/micrometer-commons-1.12.0.jar:/home/furel/.m2/repository/org/springframework/spring-tx/6.1.1/spring-tx-6.1.1.jar:/home/furel/.m2/repository/org/springframework/data/spring-data-commons/3.2.0/spring-data-commons-3.2.0.jar:/home/furel/.m2/repository/org/slf4j/slf4j-api/2.0.9/slf4j-api-2.0.9.jar:/home/furel/.m2/repository/org/springframework/boot/spring-boot-starter-test/3.2.0/spring-boot-starter-test-3.2.0.jar:/home/furel/.m2/repository/org/springframework/boot/spring-boot-test/3.2.0/spring-boot-test-3.2.0.jar:/home/furel/.m2/repository/org/springframework/boot/spring-boot-test-autoconfigure/3.2.0/spring-boot-test-autoconfigure-3.2.0.jar:/home/furel/.m2/repository/com/jayway/jsonpath/json-path/2.8.0/json-path-2.8.0.jar:/home/furel/.m2/repository/jakarta/xml/bind/jakarta.xml.bind-api/4.0.1/jakarta.xml.bind-api-4.0.1.jar:/home/furel/.m2/repository/jakarta/activation/jakarta.activation-api/2.1.2/jakarta.activation-api-2.1.2.jar:/home/furel/.m2/repository/net/minidev/json-smart/2.5.0/json-smart-2.5.0.jar:/home/furel/.m2/repository/net/minidev/accessors-smart/2.5.0/accessors-smart-2.5.0.jar:/home/furel/.m2/repository/org/ow2/asm/asm/9.3/asm-9.3.jar:/home/furel/.m2/repository/org/assertj/assertj-core/3.24.2/assertj-core-3.24.2.jar:/home/furel/.m2/repository/net/bytebuddy/byte-buddy/1.14.10/byte-buddy-1.14.10.jar:/home/furel/.m2/repository/org/awaitility/awaitility/4.2.0/awaitility-4.2.0.jar:/home/furel/.m2/repository/org/hamcrest/hamcrest/2.2/hamcrest-2.2.jar:/home/furel/.m2/repository/org/junit/jupiter/junit-jupiter/5.10.1/junit-jupiter-5.10.1.jar:/home/furel/.m2/repository/org/junit/jupiter/junit-jupiter-api/5.10.1/junit-jupiter-api-5.10.1.jar:/home/furel/.m2/repository/org/opentest4j/opentest4j/1.3.0/opentest4j-1.3.0.jar:/home/furel/.m2/repository/org/junit/platform/junit-platform-commons/1.10.1/junit-platform-commons-1.10.1.jar:/home/furel/.m2/repository/org/junit/jupiter/junit-jupiter-params/5.10.1/junit-jupiter-params-5.10.1.jar:/home/furel/.m2/repository/org/junit/jupiter/junit-jupiter-engine/5.10.1/junit-jupiter-engine-5.10.1.jar:/home/furel/.m2/repository/org/junit/platform/junit-platform-engine/1.10.1/junit-platform-engine-1.10.1.jar:/home/furel/.m2/repository/org/mockito/mockito-core/5.7.0/mockito-core-5.7.0.jar:/home/furel/.m2/repository/net/bytebuddy/byte-buddy-agent/1.14.10/byte-buddy-agent-1.14.10.jar:/home/furel/.m2/repository/org/objenesis/objenesis/3.3/objenesis-3.3.jar:/home/furel/.m2/repository/org/mockito/mockito-junit-jupiter/5.7.0/mockito-junit-jupiter-5.7.0.jar:/home/furel/.m2/repository/org/skyscreamer/jsonassert/1.5.1/jsonassert-1.5.1.jar:/home/furel/.m2/repository/com/vaadin/external/google/android-json/0.0.20131108.vaadin1/android-json-0.0.20131108.vaadin1.jar:/home/furel/.m2/repository/org/springframework/spring-core/6.1.1/spring-core-6.1.1.jar:/home/furel/.m2/repository/org/springframework/spring-jcl/6.1.1/spring-jcl-6.1.1.jar:/home/furel/.m2/repository/org/springframework/spring-test/6.1.1/spring-test-6.1.1.jar:/home/furel/.m2/repository/org/xmlunit/xmlunit-core/2.9.1/xmlunit-core-2.9.1.jar:/home/furel/.m2/repository/org/springframework/boot/spring-boot-starter-data-rest/3.2.0/spring-boot-starter-data-rest-3.2.0.jar:/home/furel/.m2/repository/org/springframework/boot/spring-boot-starter-web/3.2.0/spring-boot-starter-web-3.2.0.jar:/home/furel/.m2/repository/org/springframework/boot/spring-boot-starter-json/3.2.0/spring-boot-starter-json-3.2.0.jar:/home/furel/.m2/repository/com/fasterxml/jackson/datatype/jackson-datatype-jdk8/2.15.3/jackson-datatype-jdk8-2.15.3.jar:/home/furel/.m2/repository/com/fasterxml/jackson/datatype/jackson-datatype-jsr310/2.15.3/jackson-datatype-jsr310-2.15.3.jar:/home/furel/.m2/repository/com/fasterxml/jackson/module/jackson-module-parameter-names/2.15.3/jackson-module-parameter-names-2.15.3.jar:/home/furel/.m2/repository/org/springframework/boot/spring-boot-starter-tomcat/3.2.0/spring-boot-starter-tomcat-3.2.0.jar:/home/furel/.m2/repository/org/apache/tomcat/embed/tomcat-embed-core/10.1.16/tomcat-embed-core-10.1.16.jar:/home/furel/.m2/repository/org/apache/tomcat/embed/tomcat-embed-el/10.1.16/tomcat-embed-el-10.1.16.jar:/home/furel/.m2/repository/org/apache/tomcat/embed/tomcat-embed-websocket/10.1.16/tomcat-embed-websocket-10.1.16.jar:/home/furel/.m2/repository/org/springframework/spring-web/6.1.1/spring-web-6.1.1.jar:/home/furel/.m2/repository/org/springframework/spring-webmvc/6.1.1/spring-webmvc-6.1.1.jar:/home/furel/.m2/repository/org/springframework/data/spring-data-rest-webmvc/4.2.0/spring-data-rest-webmvc-4.2.0.jar:/home/furel/.m2/repository/org/springframework/data/spring-data-rest-core/4.2.0/spring-data-rest-core-4.2.0.jar:/home/furel/.m2/repository/org/springframework/hateoas/spring-hateoas/2.2.0/spring-hateoas-2.2.0.jar:/home/furel/.m2/repository/org/springframework/plugin/spring-plugin-core/3.0.0/spring-plugin-core-3.0.0.jar:/home/furel/.m2/repository/org/atteo/evo-inflector/1.3/evo-inflector-1.3.jar:/home/furel/.m2/repository/com/fasterxml/jackson/core/jackson-annotations/2.15.3/jackson-annotations-2.15.3.jar:/home/furel/.m2/repository/org/projectlombok/lombok/1.18.30/lombok-1.18.30.jar:/home/furel/.m2/repository/org/springdoc/springdoc-openapi-starter-webmvc-ui/2.1.0/springdoc-openapi-starter-webmvc-ui-2.1.0.jar:/home/furel/.m2/repository/org/springdoc/springdoc-openapi-starter-webmvc-api/2.1.0/springdoc-openapi-starter-webmvc-api-2.1.0.jar:/home/furel/.m2/repository/org/springdoc/springdoc-openapi-starter-common/2.1.0/springdoc-openapi-starter-common-2.1.0.jar:/home/furel/.m2/repository/io/swagger/core/v3/swagger-core-jakarta/2.2.9/swagger-core-jakarta-2.2.9.jar:/home/furel/.m2/repository/org/apache/commons/commons-lang3/3.13.0/commons-lang3-3.13.0.jar:/home/furel/.m2/repository/io/swagger/core/v3/swagger-annotations-jakarta/2.2.9/swagger-annotations-jakarta-2.2.9.jar:/home/furel/.m2/repository/io/swagger/core/v3/swagger-models-jakarta/2.2.9/swagger-models-jakarta-2.2.9.jar:/home/furel/.m2/repository/jakarta/validation/jakarta.validation-api/3.0.2/jakarta.validation-api-3.0.2.jar:/home/furel/.m2/repository/com/fasterxml/jackson/dataformat/jackson-dataformat-yaml/2.15.3/jackson-dataformat-yaml-2.15.3.jar:/home/furel/.m2/repository/org/webjars/swagger-ui/4.18.2/swagger-ui-4.18.2.jar:/home/furel/.m2/repository/com/google/zxing/core/3.4.0/core-3.4.0.jar:/home/furel/.m2/repository/com/google/zxing/javase/3.4.0/javase-3.4.0.jar:/home/furel/.m2/repository/com/beust/jcommander/1.72/jcommander-1.72.jar:/home/furel/.m2/repository/com/github/jai-imageio/jai-imageio-core/1.4.0/jai-imageio-core-1.4.0.jar:/home/furel/.m2/repository/org/springframework/boot/spring-boot-starter-security/3.2.0/spring-boot-starter-security-3.2.0.jar:/home/furel/.m2/repository/org/springframework/spring-aop/6.1.1/spring-aop-6.1.1.jar:/home/furel/.m2/repository/org/springframework/security/spring-security-config/6.2.0/spring-security-config-6.2.0.jar:/home/furel/.m2/repository/org/springframework/security/spring-security-core/6.2.0/spring-security-core-6.2.0.jar:/home/furel/.m2/repository/org/springframework/security/spring-security-crypto/6.2.0/spring-security-crypto-6.2.0.jar:/home/furel/.m2/repository/org/springframework/security/spring-security-web/6.2.0/spring-security-web-6.2.0.jar:/home/furel/.m2/repository/org/springframework/spring-expression/6.1.1/spring-expression-6.1.1.jar:/home/furel/.m2/repository/io/jsonwebtoken/jjwt-api/0.11.5/jjwt-api-0.11.5.jar:/home/furel/.m2/repository/io/jsonwebtoken/jjwt-impl/0.11.5/jjwt-impl-0.11.5.jar:/home/furel/.m2/repository/io/jsonwebtoken/jjwt-jackson/0.11.5/jjwt-jackson-0.11.5.jar:/home/furel/.m2/repository/com/fasterxml/jackson/core/jackson-databind/2.15.3/jackson-databind-2.15.3.jar:/home/furel/.m2/repository/com/fasterxml/jackson/core/jackson-core/2.15.3/jackson-core-2.15.3.jar:/home/furel/.m2/repository/com/google/guava/guava/23.4-jre/guava-23.4-jre.jar:/home/furel/.m2/repository/com/google/code/findbugs/jsr305/1.3.9/jsr305-1.3.9.jar:/home/furel/.m2/repository/com/google/errorprone/error_prone_annotations/2.0.18/error_prone_annotations-2.0.18.jar:/home/furel/.m2/repository/com/google/j2objc/j2objc-annotations/1.1/j2objc-annotations-1.1.jar:/home/furel/.m2/repository/org/codehaus/mojo/animal-sniffer-annotations/1.14/animal-sniffer-annotations-1.14.jar:"/>
    <property name="sun.cpu.endian" value="little"/>
    <property name="user.home" value="/home/furel"/>
    <property name="user.language" value="en"/>
    <property name="java.specification.vendor" value="Oracle Corporation"/>
    <property name="java.version.date" value="2022-07-19"/>
    <property name="java.home" value="/usr/lib/jvm/java-18-openjdk-amd64"/>
    <property name="file.separator" value="/"/>
    <property name="basedir" value="/home/furel/Documents/Dev/UY1/INF4178/actif-api"/>
    <property name="java.vm.compressedOopsMode" value="Zero based"/>
    <property name="line.separator" value="&#10;"/>
    <property name="java.specification.name" value="Java Platform API Specification"/>
    <property name="java.vm.specification.vendor" value="Oracle Corporation"/>
    <property name="FILE_LOG_CHARSET" value="UTF-8"/>
    <property name="java.awt.headless" value="true"/>
    <property name="surefire.real.class.path" value="/home/furel/Documents/Dev/UY1/INF4178/actif-api/target/surefire/surefirebooter-20240625213321762_3.jar"/>
    <property name="sun.management.compiler" value="HotSpot 64-Bit Tiered Compilers"/>
    <property name="java.runtime.version" value="18.0.2-ea+9-Ubuntu-222.04"/>
    <property name="user.name" value="furel"/>
    <property name="path.separator" value=":"/>
    <property name="os.version" value="6.5.0-41-generic"/>
    <property name="java.runtime.name" value="OpenJDK Runtime Environment"/>
    <property name="file.encoding" value="UTF-8"/>
    <property name="java.vm.name" value="OpenJDK 64-Bit Server VM"/>
    <property name="localRepository" value="/home/furel/.m2/repository"/>
    <property name="java.vendor.url.bug" value="Unknown"/>
    <property name="java.io.tmpdir" value="/tmp"/>
    <property name="java.version" value="18.0.2-ea"/>
    <property name="user.dir" value="/home/furel/Documents/Dev/UY1/INF4178/actif-api"/>
    <property name="os.arch" value="amd64"/>
    <property name="java.vm.specification.name" value="Java Virtual Machine Specification"/>
    <property name="PID" value="29998"/>
    <property name="CONSOLE_LOG_CHARSET" value="UTF-8"/>
    <property name="native.encoding" value="UTF-8"/>
    <property name="java.library.path" value="/usr/java/packages/lib:/usr/lib/x86_64-linux-gnu/jni:/lib/x86_64-linux-gnu:/usr/lib/x86_64-linux-gnu:/usr/lib/jni:/lib:/usr/lib"/>
    <property name="java.vm.info" value="mixed mode, sharing"/>
    <property name="java.vendor" value="Private Build"/>
    <property name="java.vm.version" value="18.0.2-ea+9-Ubuntu-222.04"/>
    <property name="sun.io.unicode.encoding" value="UnicodeLittle"/>
    <property name="java.class.version" value="62.0"/>
    <property name="LOGGED_APPLICATION_NAME" value="[ACTIF] "/>
  </properties>
  <testcase name="ahp" classname="TPApplicationTests" time="0.687">
    <system-out><![CDATA[
  .   ____          _            __ _ _
 /\\ / ___'_ __ _ _(_)_ __  __ _ \ \ \ \
( ( )\___ | '_ | '_| | '_ \/ _` | \ \ \ \
 \\/  ___)| |_)| | | | | || (_| |  ) ) ) )
  '  |____| .__|_| |_|_| |_\__, | / / / /
 =========|_|==============|___/=/_/_/_/
 :: Spring Boot ::                (v3.2.0)

Normalized Matrix:
|	0.6278	|	0.7317	|	0.5455	|	0.5000	|
|	0.1256	|	0.1463	|	0.2727	|	0.2143	|
|	0.1570	|	0.0732	|	0.1364	|	0.2143	|
|	0.0897	|	0.0488	|	0.0455	|	0.0714	|

Weights:
|	0.6012	|	0.1897	|	0.1452	|	0.0638	|


Consistency Ratio: 0.052097276676956406
The consistency ratio is acceptable.
]]></system-out>
  </testcase>
  <testcase name="contextLoads" classname="TPApplicationTests" time="0.003"/>
</testsuite>